<?xml version="1.0" encoding="UTF-8"?>
<testsuite xmlns:xsi="http://www.w3.org/2001/XMLSchema-instance" xsi:noNamespaceSchemaLocation="https://maven.apache.org/surefire/maven-surefire-plugin/xsd/surefire-test-report-3.0.xsd" version="3.0" name="runners.LoginTest" time="34.091" tests="0" errors="0" skipped="0" failures="0">
  <properties>
    <property name="sun.desktop" value="gnome"/>
    <property name="awt.toolkit" value="sun.awt.X11.XToolkit"/>
    <property name="file.encoding.pkg" value="sun.io"/>
    <property name="java.specification.version" value="1.8"/>
    <property name="webdriver.chrome.driver" value="/home/sunny/SeleniumSetup/chromedriver"/>
    <property name="sun.cpu.isalist" value=""/>
    <property name="sun.jnu.encoding" value="UTF-8"/>
    <property name="java.class.path" value="/home/sunny/eclipsenewworkspace/CucumberSeleniumMaven/target/test-classes:/home/sunny/eclipsenewworkspace/CucumberSeleniumMaven/target/classes:/home/sunny/.m2/repository/io/cucumber/cucumber-java/6.10.4/cucumber-java-6.10.4.jar:/home/sunny/.m2/repository/org/apiguardian/apiguardian-api/1.1.1/apiguardian-api-1.1.1.jar:/home/sunny/.m2/repository/io/cucumber/cucumber-core/6.10.4/cucumber-core-6.10.4.jar:/home/sunny/.m2/repository/io/cucumber/cucumber-gherkin/6.10.4/cucumber-gherkin-6.10.4.jar:/home/sunny/.m2/repository/io/cucumber/cucumber-gherkin-messages/6.10.4/cucumber-gherkin-messages-6.10.4.jar:/home/sunny/.m2/repository/io/cucumber/messages/15.0.0/messages-15.0.0.jar:/home/sunny/.m2/repository/io/cucumber/tag-expressions/3.0.1/tag-expressions-3.0.1.jar:/home/sunny/.m2/repository/io/cucumber/cucumber-expressions/10.3.0/cucumber-expressions-10.3.0.jar:/home/sunny/.m2/repository/io/cucumber/datatable/3.5.0/datatable-3.5.0.jar:/home/sunny/.m2/repository/io/cucumber/cucumber-plugin/6.10.4/cucumber-plugin-6.10.4.jar:/home/sunny/.m2/repository/io/cucumber/docstring/6.10.4/docstring-6.10.4.jar:/home/sunny/.m2/repository/io/cucumber/html-formatter/13.0.0/html-formatter-13.0.0.jar:/home/sunny/.m2/repository/io/cucumber/create-meta/4.0.0/create-meta-4.0.0.jar:/home/sunny/.m2/repository/io/cucumber/cucumber-junit/6.10.4/cucumber-junit-6.10.4.jar:/home/sunny/.m2/repository/junit/junit/4.13.2/junit-4.13.2.jar:/home/sunny/.m2/repository/org/hamcrest/hamcrest-core/1.3/hamcrest-core-1.3.jar:/home/sunny/.m2/repository/org/seleniumhq/selenium/selenium-java/3.141.59/selenium-java-3.141.59.jar:/home/sunny/.m2/repository/org/seleniumhq/selenium/selenium-api/3.141.59/selenium-api-3.141.59.jar:/home/sunny/.m2/repository/org/seleniumhq/selenium/selenium-chrome-driver/3.141.59/selenium-chrome-driver-3.141.59.jar:/home/sunny/.m2/repository/org/seleniumhq/selenium/selenium-edge-driver/3.141.59/selenium-edge-driver-3.141.59.jar:/home/sunny/.m2/repository/org/seleniumhq/selenium/selenium-firefox-driver/3.141.59/selenium-firefox-driver-3.141.59.jar:/home/sunny/.m2/repository/org/seleniumhq/selenium/selenium-ie-driver/3.141.59/selenium-ie-driver-3.141.59.jar:/home/sunny/.m2/repository/org/seleniumhq/selenium/selenium-opera-driver/3.141.59/selenium-opera-driver-3.141.59.jar:/home/sunny/.m2/repository/org/seleniumhq/selenium/selenium-remote-driver/3.141.59/selenium-remote-driver-3.141.59.jar:/home/sunny/.m2/repository/org/seleniumhq/selenium/selenium-safari-driver/3.141.59/selenium-safari-driver-3.141.59.jar:/home/sunny/.m2/repository/org/seleniumhq/selenium/selenium-support/3.141.59/selenium-support-3.141.59.jar:/home/sunny/.m2/repository/net/bytebuddy/byte-buddy/1.8.15/byte-buddy-1.8.15.jar:/home/sunny/.m2/repository/org/apache/commons/commons-exec/1.3/commons-exec-1.3.jar:/home/sunny/.m2/repository/com/google/guava/guava/25.0-jre/guava-25.0-jre.jar:/home/sunny/.m2/repository/com/google/code/findbugs/jsr305/1.3.9/jsr305-1.3.9.jar:/home/sunny/.m2/repository/org/checkerframework/checker-compat-qual/2.0.0/checker-compat-qual-2.0.0.jar:/home/sunny/.m2/repository/com/google/errorprone/error_prone_annotations/2.1.3/error_prone_annotations-2.1.3.jar:/home/sunny/.m2/repository/com/google/j2objc/j2objc-annotations/1.1/j2objc-annotations-1.1.jar:/home/sunny/.m2/repository/org/codehaus/mojo/animal-sniffer-annotations/1.14/animal-sniffer-annotations-1.14.jar:/home/sunny/.m2/repository/com/squareup/okhttp3/okhttp/3.11.0/okhttp-3.11.0.jar:/home/sunny/.m2/repository/com/squareup/okio/okio/1.14.0/okio-1.14.0.jar:/home/sunny/.m2/repository/io/cucumber/cucumber-picocontainer/6.10.4/cucumber-picocontainer-6.10.4.jar:/home/sunny/.m2/repository/org/picocontainer/picocontainer/2.15/picocontainer-2.15.jar:/home/sunny/.m2/repository/io/cucumber/cucumber-testng/6.9.0/cucumber-testng-6.9.0.jar:/home/sunny/.m2/repository/org/testng/testng/7.1.0/testng-7.1.0.jar:/home/sunny/.m2/repository/com/beust/jcommander/1.72/jcommander-1.72.jar:/home/sunny/.m2/repository/com/google/inject/guice/4.1.0/guice-4.1.0-no_aop.jar:/home/sunny/.m2/repository/javax/inject/javax.inject/1/javax.inject-1.jar:/home/sunny/.m2/repository/aopalliance/aopalliance/1.0/aopalliance-1.0.jar:/home/sunny/.m2/repository/org/yaml/snakeyaml/1.21/snakeyaml-1.21.jar:"/>
    <property name="java.vm.vendor" value="Oracle Corporation"/>
    <property name="sun.arch.data.model" value="64"/>
    <property name="java.vendor.url" value="http://java.oracle.com/"/>
    <property name="user.timezone" value="Asia/Kolkata"/>
    <property name="java.vm.specification.version" value="1.8"/>
    <property name="os.name" value="Linux"/>
    <property name="user.country" value="IN"/>
    <property name="sun.java.launcher" value="SUN_STANDARD"/>
    <property name="sun.boot.library.path" value="/opt/jdk/jdk1.8.0_291/jre/lib/amd64"/>
    <property name="sun.java.command" value="/home/sunny/eclipsenewworkspace/CucumberSeleniumMaven/target/surefire/surefirebooter2149932555544712342.jar /home/sunny/eclipsenewworkspace/CucumberSeleniumMaven/target/surefire 2021-07-18T18-04-43_949-jvmRun1 surefire338674328799520775tmp surefire_04098243305571457579tmp"/>
    <property name="surefire.test.class.path" value="/home/sunny/eclipsenewworkspace/CucumberSeleniumMaven/target/test-classes:/home/sunny/eclipsenewworkspace/CucumberSeleniumMaven/target/classes:/home/sunny/.m2/repository/io/cucumber/cucumber-java/6.10.4/cucumber-java-6.10.4.jar:/home/sunny/.m2/repository/org/apiguardian/apiguardian-api/1.1.1/apiguardian-api-1.1.1.jar:/home/sunny/.m2/repository/io/cucumber/cucumber-core/6.10.4/cucumber-core-6.10.4.jar:/home/sunny/.m2/repository/io/cucumber/cucumber-gherkin/6.10.4/cucumber-gherkin-6.10.4.jar:/home/sunny/.m2/repository/io/cucumber/cucumber-gherkin-messages/6.10.4/cucumber-gherkin-messages-6.10.4.jar:/home/sunny/.m2/repository/io/cucumber/messages/15.0.0/messages-15.0.0.jar:/home/sunny/.m2/repository/io/cucumber/tag-expressions/3.0.1/tag-expressions-3.0.1.jar:/home/sunny/.m2/repository/io/cucumber/cucumber-expressions/10.3.0/cucumber-expressions-10.3.0.jar:/home/sunny/.m2/repository/io/cucumber/datatable/3.5.0/datatable-3.5.0.jar:/home/sunny/.m2/repository/io/cucumber/cucumber-plugin/6.10.4/cucumber-plugin-6.10.4.jar:/home/sunny/.m2/repository/io/cucumber/docstring/6.10.4/docstring-6.10.4.jar:/home/sunny/.m2/repository/io/cucumber/html-formatter/13.0.0/html-formatter-13.0.0.jar:/home/sunny/.m2/repository/io/cucumber/create-meta/4.0.0/create-meta-4.0.0.jar:/home/sunny/.m2/repository/io/cucumber/cucumber-junit/6.10.4/cucumber-junit-6.10.4.jar:/home/sunny/.m2/repository/junit/junit/4.13.2/junit-4.13.2.jar:/home/sunny/.m2/repository/org/hamcrest/hamcrest-core/1.3/hamcrest-core-1.3.jar:/home/sunny/.m2/repository/org/seleniumhq/selenium/selenium-java/3.141.59/selenium-java-3.141.59.jar:/home/sunny/.m2/repository/org/seleniumhq/selenium/selenium-api/3.141.59/selenium-api-3.141.59.jar:/home/sunny/.m2/repository/org/seleniumhq/selenium/selenium-chrome-driver/3.141.59/selenium-chrome-driver-3.141.59.jar:/home/sunny/.m2/repository/org/seleniumhq/selenium/selenium-edge-driver/3.141.59/selenium-edge-driver-3.141.59.jar:/home/sunny/.m2/repository/org/seleniumhq/selenium/selenium-firefox-driver/3.141.59/selenium-firefox-driver-3.141.59.jar:/home/sunny/.m2/repository/org/seleniumhq/selenium/selenium-ie-driver/3.141.59/selenium-ie-driver-3.141.59.jar:/home/sunny/.m2/repository/org/seleniumhq/selenium/selenium-opera-driver/3.141.59/selenium-opera-driver-3.141.59.jar:/home/sunny/.m2/repository/org/seleniumhq/selenium/selenium-remote-driver/3.141.59/selenium-remote-driver-3.141.59.jar:/home/sunny/.m2/repository/org/seleniumhq/selenium/selenium-safari-driver/3.141.59/selenium-safari-driver-3.141.59.jar:/home/sunny/.m2/repository/org/seleniumhq/selenium/selenium-support/3.141.59/selenium-support-3.141.59.jar:/home/sunny/.m2/repository/net/bytebuddy/byte-buddy/1.8.15/byte-buddy-1.8.15.jar:/home/sunny/.m2/repository/org/apache/commons/commons-exec/1.3/commons-exec-1.3.jar:/home/sunny/.m2/repository/com/google/guava/guava/25.0-jre/guava-25.0-jre.jar:/home/sunny/.m2/repository/com/google/code/findbugs/jsr305/1.3.9/jsr305-1.3.9.jar:/home/sunny/.m2/repository/org/checkerframework/checker-compat-qual/2.0.0/checker-compat-qual-2.0.0.jar:/home/sunny/.m2/repository/com/google/errorprone/error_prone_annotations/2.1.3/error_prone_annotations-2.1.3.jar:/home/sunny/.m2/repository/com/google/j2objc/j2objc-annotations/1.1/j2objc-annotations-1.1.jar:/home/sunny/.m2/repository/org/codehaus/mojo/animal-sniffer-annotations/1.14/animal-sniffer-annotations-1.14.jar:/home/sunny/.m2/repository/com/squareup/okhttp3/okhttp/3.11.0/okhttp-3.11.0.jar:/home/sunny/.m2/repository/com/squareup/okio/okio/1.14.0/okio-1.14.0.jar:/home/sunny/.m2/repository/io/cucumber/cucumber-picocontainer/6.10.4/cucumber-picocontainer-6.10.4.jar:/home/sunny/.m2/repository/org/picocontainer/picocontainer/2.15/picocontainer-2.15.jar:/home/sunny/.m2/repository/io/cucumber/cucumber-testng/6.9.0/cucumber-testng-6.9.0.jar:/home/sunny/.m2/repository/org/testng/testng/7.1.0/testng-7.1.0.jar:/home/sunny/.m2/repository/com/beust/jcommander/1.72/jcommander-1.72.jar:/home/sunny/.m2/repository/com/google/inject/guice/4.1.0/guice-4.1.0-no_aop.jar:/home/sunny/.m2/repository/javax/inject/javax.inject/1/javax.inject-1.jar:/home/sunny/.m2/repository/aopalliance/aopalliance/1.0/aopalliance-1.0.jar:/home/sunny/.m2/repository/org/yaml/snakeyaml/1.21/snakeyaml-1.21.jar:"/>
    <property name="sun.cpu.endian" value="little"/>
    <property name="user.home" value="/home/sunny"/>
    <property name="user.language" value="en"/>
    <property name="java.specification.vendor" value="Oracle Corporation"/>
    <property name="java.home" value="/opt/jdk/jdk1.8.0_291/jre"/>
    <property name="basedir" value="/home/sunny/eclipsenewworkspace/CucumberSeleniumMaven"/>
    <property name="file.separator" value="/"/>
    <property name="line.separator" value="&#10;"/>
    <property name="java.vm.specification.vendor" value="Oracle Corporation"/>
    <property name="java.specification.name" value="Java Platform API Specification"/>
    <property name="java.awt.graphicsenv" value="sun.awt.X11GraphicsEnvironment"/>
    <property name="surefire.real.class.path" value="/home/sunny/eclipsenewworkspace/CucumberSeleniumMaven/target/surefire/surefirebooter2149932555544712342.jar"/>
    <property name="sun.boot.class.path" value="/opt/jdk/jdk1.8.0_291/jre/lib/resources.jar:/opt/jdk/jdk1.8.0_291/jre/lib/rt.jar:/opt/jdk/jdk1.8.0_291/jre/lib/sunrsasign.jar:/opt/jdk/jdk1.8.0_291/jre/lib/jsse.jar:/opt/jdk/jdk1.8.0_291/jre/lib/jce.jar:/opt/jdk/jdk1.8.0_291/jre/lib/charsets.jar:/opt/jdk/jdk1.8.0_291/jre/lib/jfr.jar:/opt/jdk/jdk1.8.0_291/jre/classes"/>
    <property name="sun.management.compiler" value="HotSpot 64-Bit Tiered Compilers"/>
    <property name="java.runtime.version" value="1.8.0_291-b10"/>
    <property name="user.name" value="sunny"/>
    <property name="path.separator" value=":"/>
    <property name="os.version" value="5.8.0-59-generic"/>
    <property name="java.endorsed.dirs" value="/opt/jdk/jdk1.8.0_291/jre/lib/endorsed"/>
    <property name="java.runtime.name" value="Java(TM) SE Runtime Environment"/>
    <property name="file.encoding" value="UTF-8"/>
    <property name="java.vm.name" value="Java HotSpot(TM) 64-Bit Server VM"/>
    <property name="localRepository" value="/home/sunny/.m2/repository"/>
    <property name="java.vendor.url.bug" value="http://bugreport.sun.com/bugreport/"/>
    <property name="java.io.tmpdir" value="/tmp"/>
    <property name="java.version" value="1.8.0_291"/>
    <property name="user.dir" value="/home/sunny/eclipsenewworkspace/CucumberSeleniumMaven"/>
    <property name="os.arch" value="amd64"/>
    <property name="webdriver.gecko.driver" value="/home/sunny/SeleniumSetup/geckodriver"/>
    <property name="java.vm.specification.name" value="Java Virtual Machine Specification"/>
    <property name="java.awt.printerjob" value="sun.print.PSPrinterJob"/>
    <property name="sun.os.patch.level" value="unknown"/>
    <property name="java.library.path" value="/usr/java/packages/lib/amd64:/usr/lib64:/lib64:/lib:/usr/lib"/>
    <property name="java.vm.info" value="mixed mode"/>
    <property name="java.vendor" value="Oracle Corporation"/>
    <property name="java.vm.version" value="25.291-b10"/>
    <property name="java.ext.dirs" value="/opt/jdk/jdk1.8.0_291/jre/lib/ext:/usr/java/packages/lib/ext"/>
    <property name="sun.io.unicode.encoding" value="UnicodeLittle"/>
    <property name="java.class.version" value="52.0"/>
  </properties>
</testsuite>