<?xml version="1.0" encoding="UTF-8"?>
<!-- Generated by org.testng.reporters.JUnitReportReporter -->
<testsuite skipped="0" hostname="sunny-VirtualBox" name="com.java.programs.RestApiPractice" tests="5" failures="0" timestamp="2022-08-28T18:01:12 IST" time="9.922" errors="0">
  <testcase name="postPayload" time="0.612" classname="com.java.programs.RestApiPractice"/>
  <system-out/>
  <testcase name="putPayload" time="0.521" classname="com.java.programs.RestApiPractice"/>
  <system-out/>
  <testcase name="getResponse" time="1.615" classname="com.java.programs.RestApiPractice"/>
  <system-out/>
  <testcase name="patchPayload" time="0.537" classname="com.java.programs.RestApiPractice"/>
  <system-out/>
  <testcase name="deleteAPI" time="6.637" classname="com.java.programs.RestApiPractice"/>
  <system-out/>
</testsuite> <!-- com.java.programs.RestApiPractice -->
