<?xml version="1.0" encoding="UTF-8"?>
<!-- Generated by org.testng.reporters.JUnitReportReporter -->
<testsuite skipped="0" hostname="sunny-VirtualBox" name="soapandrestpractice.SoapApiPractice" tests="1" failures="0" timestamp="2022-08-29T12:37:57 IST" time="4.304" errors="0">
  <testcase name="testSoapRequest" time="4.304" classname="soapandrestpractice.SoapApiPractice"/>
  <system-out/>
</testsuite> <!-- soapandrestpractice.SoapApiPractice -->
