<?xml version="1.0" encoding="UTF-8"?>
<!-- Generated by org.testng.reporters.JUnitReportReporter -->
<testsuite skipped="0" hostname="sunny-VirtualBox" name="runners.LoginTestFirefoxTestNg" tests="2" failures="0" timestamp="2021-07-19T23:13:29 IST" time="35.375" errors="0">
  <testcase name="runScenario" time="14.908" classname="runners.LoginTestFirefoxTestNg"/>
  <system-out/>
  <testcase name="runScenario" time="20.467" classname="runners.LoginTestFirefoxTestNg"/>
  <system-out/>
</testsuite> <!-- runners.LoginTestFirefoxTestNg -->
